#-----------------------------------------------------------
# Vivado v2016.1 (64-bit)
# SW Build 1538259 on Fri Apr  8 15:45:27 MDT 2016
# IP Build 1537824 on Fri Apr  8 04:28:57 MDT 2016
# Start of session at: Thu Nov 25 20:30:26 2021
# Process ID: 9012
# Current directory: C:/Users/USER/Desktop/VideoSystem1080p
# Command line: vivado.exe -gui_launcher_event rodinguilauncherevent12324 C:\Users\USER\Desktop\VideoSystem1080p\VideoSystem1080p.xpr
# Log file: C:/Users/USER/Desktop/VideoSystem1080p/vivado.log
# Journal file: C:/Users/USER/Desktop/VideoSystem1080p\vivado.jou
#-----------------------------------------------------------
start_gui
open_project C:/Users/USER/Desktop/VideoSystem1080p/VideoSystem1080p.xpr
Scanning sources...
Finished scanning sources
INFO: [IP_Flow 19-234] Refreshing IP repositories
INFO: [IP_Flow 19-1700] Loaded user IP repository 'c:/Users/USER/Desktop/IP1080RGB'.
INFO: [IP_Flow 19-2313] Loaded Vivado IP repository 'D:/Xilinx2016.1/Vivado/2016.1/data/ip'.
open_project: Time (s): cpu = 00:00:28 ; elapsed = 00:00:32 . Memory (MB): peak = 799.836 ; gain = 171.738
update_compile_order -fileset sources_1
launch_sdk -workspace C:/Users/USER/Desktop/VideoSystem1080p/VideoSystem1080p.sdk -hwspec C:/Users/USER/Desktop/VideoSystem1080p/VideoSystem1080p.sdk/VideoSystem1080p_wrapper.hdf
INFO: [Vivado 12-393] Launching SDK...
INFO: [Vivado 12-417] Running xsdk -workspace C:/Users/USER/Desktop/VideoSystem1080p/VideoSystem1080p.sdk -hwspec C:/Users/USER/Desktop/VideoSystem1080p/VideoSystem1080p.sdk/VideoSystem1080p_wrapper.hdf
INFO: [Vivado 12-3157] SDK launch initiated. Please check console for any further messages.
open_hw
connect_hw_server
INFO: [Labtools 27-2285] Connecting to hw_server url TCP:localhost:3121
INFO: [Labtools 27-2222] Launching hw_server...
INFO: [Labtools 27-2221] Launch Output:

****** Xilinx hw_server v2016.1
  **** Build date : Apr  8 2016-16:12:32
    ** Copyright 1986-2016 Xilinx, Inc. All Rights Reserved.


open_hw_target
INFO: [Labtoolstcl 44-466] Opening hw_target localhost:3121/xilinx_tcf/Digilent/210248445883
set_property PROGRAM.FILE {C:/Users/USER/Desktop/VideoSystem1080p/VideoSystem1080p.runs/impl_1/VideoSystem1080p_wrapper.bit} [lindex [get_hw_devices] 1]
current_hw_device [lindex [get_hw_devices] 1]
refresh_hw_device -update_hw_probes false [lindex [get_hw_devices] 1]
INFO: [Labtools 27-1435] Device xc7z020 (JTAG device index = 1) is not programmed (DONE status = 0).
set_property PROBES.FILE {} [lindex [get_hw_devices] 1]
set_property PROGRAM.FILE {C:/Users/USER/Desktop/VideoSystem1080p/VideoSystem1080p.runs/impl_1/VideoSystem1080p_wrapper.bit} [lindex [get_hw_devices] 1]
program_hw_devices [lindex [get_hw_devices] 1]
INFO: [Labtools 27-3164] End of startup status: HIGH
refresh_hw_device [lindex [get_hw_devices] 1]
INFO: [Labtools 27-1434] Device xc7z020 (JTAG device index = 1) is programmed with a design that has no supported debug core(s) in it.
WARNING: [Labtools 27-3123] The debug hub core was not detected at User Scan Chain 1 or 3.
Resolution: 
1. Make sure the clock connected to the debug hub (dbg_hub) core is a free running clock and is active OR
2. Manually launch hw_server with -e "set xsdb-user-bscan <C_USER_SCAN_CHAIN scan_chain_number>" to detect the debug hub at User Scan Chain of 2 or 4. To determine the user scan chain setting, open the implemented design and use: get_property C_USER_SCAN_CHAIN [get_debug_cores dbg_hub].
ERROR: [Labtoolstcl 44-513] HW Target shutdown. Closing target: localhost:3121/xilinx_tcf/Digilent/210248445883
INFO: [Labtoolstcl 44-466] Opening hw_target localhost:3121/xilinx_tcf/Digilent/210248445883
INFO: [Labtools 27-1435] Device xc7z020 (JTAG device index = 1) is not programmed (DONE status = 0).
refresh_hw_device [lindex [get_hw_devices] 1]
INFO: [Labtools 27-1435] Device xc7z020 (JTAG device index = 1) is not programmed (DONE status = 0).
set_property PROBES.FILE {} [lindex [get_hw_devices] 1]
set_property PROGRAM.FILE {C:/Users/USER/Desktop/VideoSystem1080p/VideoSystem1080p.runs/impl_1/VideoSystem1080p_wrapper.bit} [lindex [get_hw_devices] 1]
program_hw_devices [lindex [get_hw_devices] 1]
INFO: [Labtools 27-3164] End of startup status: HIGH
refresh_hw_device [lindex [get_hw_devices] 1]
INFO: [Labtools 27-1434] Device xc7z020 (JTAG device index = 1) is programmed with a design that has no supported debug core(s) in it.
WARNING: [Labtools 27-3123] The debug hub core was not detected at User Scan Chain 1 or 3.
Resolution: 
1. Make sure the clock connected to the debug hub (dbg_hub) core is a free running clock and is active OR
2. Manually launch hw_server with -e "set xsdb-user-bscan <C_USER_SCAN_CHAIN scan_chain_number>" to detect the debug hub at User Scan Chain of 2 or 4. To determine the user scan chain setting, open the implemented design and use: get_property C_USER_SCAN_CHAIN [get_debug_cores dbg_hub].
ERROR: [Labtoolstcl 44-513] HW Target shutdown. Closing target: localhost:3121/xilinx_tcf/Digilent/210248445883
INFO: [Labtoolstcl 44-466] Opening hw_target localhost:3121/xilinx_tcf/Digilent/210248445883
INFO: [Labtools 27-1435] Device xc7z020 (JTAG device index = 1) is not programmed (DONE status = 0).
set_property PROBES.FILE {} [lindex [get_hw_devices] 1]
set_property PROGRAM.FILE {C:/Users/USER/Desktop/VideoSystem1080p/VideoSystem1080p.runs/impl_1/VideoSystem1080p_wrapper.bit} [lindex [get_hw_devices] 1]
program_hw_devices [lindex [get_hw_devices] 1]
INFO: [Labtools 27-3164] End of startup status: HIGH
refresh_hw_device [lindex [get_hw_devices] 1]
INFO: [Labtools 27-1434] Device xc7z020 (JTAG device index = 1) is programmed with a design that has no supported debug core(s) in it.
WARNING: [Labtools 27-3123] The debug hub core was not detected at User Scan Chain 1 or 3.
Resolution: 
1. Make sure the clock connected to the debug hub (dbg_hub) core is a free running clock and is active OR
2. Manually launch hw_server with -e "set xsdb-user-bscan <C_USER_SCAN_CHAIN scan_chain_number>" to detect the debug hub at User Scan Chain of 2 or 4. To determine the user scan chain setting, open the implemented design and use: get_property C_USER_SCAN_CHAIN [get_debug_cores dbg_hub].
ERROR: [Labtoolstcl 44-513] HW Target shutdown. Closing target: localhost:3121/xilinx_tcf/Digilent/210248445883
INFO: [Labtoolstcl 44-466] Opening hw_target localhost:3121/xilinx_tcf/Digilent/210248445883
INFO: [Labtools 27-1435] Device xc7z020 (JTAG device index = 1) is not programmed (DONE status = 0).
set_property PROBES.FILE {} [lindex [get_hw_devices] 1]
set_property PROGRAM.FILE {C:/Users/USER/Desktop/VideoSystem1080p/VideoSystem1080p.runs/impl_1/VideoSystem1080p_wrapper.bit} [lindex [get_hw_devices] 1]
program_hw_devices [lindex [get_hw_devices] 1]
INFO: [Labtools 27-3164] End of startup status: HIGH
refresh_hw_device [lindex [get_hw_devices] 1]
INFO: [Labtools 27-1434] Device xc7z020 (JTAG device index = 1) is programmed with a design that has no supported debug core(s) in it.
WARNING: [Labtools 27-3123] The debug hub core was not detected at User Scan Chain 1 or 3.
Resolution: 
1. Make sure the clock connected to the debug hub (dbg_hub) core is a free running clock and is active OR
2. Manually launch hw_server with -e "set xsdb-user-bscan <C_USER_SCAN_CHAIN scan_chain_number>" to detect the debug hub at User Scan Chain of 2 or 4. To determine the user scan chain setting, open the implemented design and use: get_property C_USER_SCAN_CHAIN [get_debug_cores dbg_hub].
ERROR: [Labtoolstcl 44-513] HW Target shutdown. Closing target: localhost:3121/xilinx_tcf/Digilent/210248445883
INFO: [Labtoolstcl 44-466] Opening hw_target localhost:3121/xilinx_tcf/Digilent/210248445883
INFO: [Labtools 27-1435] Device xc7z020 (JTAG device index = 1) is not programmed (DONE status = 0).
set_property PROBES.FILE {} [lindex [get_hw_devices] 1]
set_property PROGRAM.FILE {C:/Users/USER/Desktop/VideoSystem1080p/VideoSystem1080p.runs/impl_1/VideoSystem1080p_wrapper.bit} [lindex [get_hw_devices] 1]
program_hw_devices [lindex [get_hw_devices] 1]
INFO: [Labtools 27-3164] End of startup status: HIGH
refresh_hw_device [lindex [get_hw_devices] 1]
INFO: [Labtools 27-1434] Device xc7z020 (JTAG device index = 1) is programmed with a design that has no supported debug core(s) in it.
WARNING: [Labtools 27-3123] The debug hub core was not detected at User Scan Chain 1 or 3.
Resolution: 
1. Make sure the clock connected to the debug hub (dbg_hub) core is a free running clock and is active OR
2. Manually launch hw_server with -e "set xsdb-user-bscan <C_USER_SCAN_CHAIN scan_chain_number>" to detect the debug hub at User Scan Chain of 2 or 4. To determine the user scan chain setting, open the implemented design and use: get_property C_USER_SCAN_CHAIN [get_debug_cores dbg_hub].
ERROR: [Labtoolstcl 44-513] HW Target shutdown. Closing target: localhost:3121/xilinx_tcf/Digilent/210248445883
open_run impl_1
INFO: [Netlist 29-17] Analyzing 1757 Unisim elements for replacement
INFO: [Netlist 29-28] Unisim Transformation completed in 1 CPU seconds
INFO: [Project 1-479] Netlist was created with Vivado 2016.1
INFO: [Device 21-403] Loading part xc7z020clg484-1
INFO: [Project 1-570] Preparing netlist for logic optimization
Parsing XDC File [C:/Users/USER/Desktop/VideoSystem1080p/.Xil/Vivado-9012-21001301Cody/dcp/VideoSystem1080p_wrapper_early.xdc]
INFO: [Timing 38-35] Done setting XDC timing constraints. [C:/Users/USER/Desktop/VideoSystem1080p/VideoSystem1080p.srcs/sources_1/bd/VideoSystem1080p/ip/VideoSystem1080p_clk_wiz_0_0/VideoSystem1080p_clk_wiz_0_0.xdc:57]
INFO: [Timing 38-2] Deriving generated clocks [C:/Users/USER/Desktop/VideoSystem1080p/VideoSystem1080p.srcs/sources_1/bd/VideoSystem1080p/ip/VideoSystem1080p_clk_wiz_0_0/VideoSystem1080p_clk_wiz_0_0.xdc:57]
get_clocks: Time (s): cpu = 00:00:15 ; elapsed = 00:00:17 . Memory (MB): peak = 1741.762 ; gain = 488.102
Finished Parsing XDC File [C:/Users/USER/Desktop/VideoSystem1080p/.Xil/Vivado-9012-21001301Cody/dcp/VideoSystem1080p_wrapper_early.xdc]
Parsing XDC File [C:/Users/USER/Desktop/VideoSystem1080p/.Xil/Vivado-9012-21001301Cody/dcp/VideoSystem1080p_wrapper.xdc]
Finished Parsing XDC File [C:/Users/USER/Desktop/VideoSystem1080p/.Xil/Vivado-9012-21001301Cody/dcp/VideoSystem1080p_wrapper.xdc]
Parsing XDC File [C:/Users/USER/Desktop/VideoSystem1080p/.Xil/Vivado-9012-21001301Cody/dcp/VideoSystem1080p_wrapper_late.xdc]
Finished Parsing XDC File [C:/Users/USER/Desktop/VideoSystem1080p/.Xil/Vivado-9012-21001301Cody/dcp/VideoSystem1080p_wrapper_late.xdc]
Reading XDEF placement.
Reading placer database...
Reading XDEF routing.
Read XDEF File: Time (s): cpu = 00:00:04 ; elapsed = 00:00:04 . Memory (MB): peak = 1777.410 ; gain = 35.633
Restored from archive | CPU: 4.000000 secs | Memory: 0.000000 MB |
Finished XDEF File Restore: Time (s): cpu = 00:00:04 ; elapsed = 00:00:04 . Memory (MB): peak = 1777.410 ; gain = 35.633
INFO: [Project 1-111] Unisim Transformation Summary:
  A total of 1446 instances were transformed.
  RAM32M => RAM32M (RAMS32, RAMS32, RAMD32, RAMD32, RAMD32, RAMD32, RAMD32, RAMD32): 5 instances
  RAM32X1D => RAM32X1D (RAMD32, RAMD32): 1 instances
  RAM64M => RAM64M (RAMD64E, RAMD64E, RAMD64E, RAMD64E): 720 instances
  RAM64X1D => RAM64X1D (RAMD64E, RAMD64E): 720 instances

open_run: Time (s): cpu = 00:00:53 ; elapsed = 00:00:58 . Memory (MB): peak = 1907.813 ; gain = 962.328
open_report: Time (s): cpu = 00:00:19 ; elapsed = 00:00:11 . Memory (MB): peak = 2045.773 ; gain = 136.352
CRITICAL WARNING: [Timing 38-282] The design failed to meet the timing requirements. Please see the timing summary report for details on the timing violations.
