03:01:25 INFO  : Launching XSDB server: xsdb.bat -interactive C:\Users\USER\Desktop\VideoSystem1080p\VideoSystem1080p.sdk\temp_xsdb_launch_script.tcl
03:01:28 INFO  : XSDB server has started successfully.
03:01:28 INFO  : Processing command line option -hwspec C:/Users/USER/Desktop/VideoSystem1080p/VideoSystem1080p.sdk/VideoSystem1080p_wrapper.hdf.
04:49:39 INFO  : 'targets -set -filter {jtag_cable_name =~ "Digilent Zed 210248445883" && level==0} -index 1' command is executed.
04:49:39 INFO  : 'fpga -state' command is executed.
04:49:39 INFO  : Connected to target on host '127.0.0.1' and port '3121'.
04:49:39 INFO  : Sourcing of 'C:/Users/USER/Desktop/VideoSystem1080p/VideoSystem1080p.sdk/VideoSystem1080p_wrapper_hw_platform_0/ps7_init.tcl' is done.
04:49:40 INFO  : 'targets -set -filter {name =~"APU" && jtag_cable_name =~ "Digilent Zed 210248445883"} -index 0' command is executed.
04:49:40 INFO  : Hardware design information is loaded from 'C:/Users/USER/Desktop/VideoSystem1080p/VideoSystem1080p.sdk/VideoSystem1080p_wrapper_hw_platform_0/system.hdf'.
04:49:40 INFO  : 'targets -set -filter {name =~"APU" && jtag_cable_name =~ "Digilent Zed 210248445883"} -index 0' command is executed.
04:49:40 INFO  : 'stop' command is executed.
04:49:41 INFO  : 'ps7_init' command is executed.
04:49:41 INFO  : 'ps7_post_config' command is executed.
04:49:41 INFO  : Context for processor 'ps7_cortexa9_0' is selected.
04:49:41 INFO  : Processor reset is completed for 'ps7_cortexa9_0'.
04:49:42 INFO  : Context for processor 'ps7_cortexa9_0' is selected.
04:50:01 INFO  : The application 'C:/Users/USER/Desktop/VideoSystem1080p/VideoSystem1080p.sdk/VideoSystem1080p/Debug/VideoSystem1080p.elf' is downloaded to processor 'ps7_cortexa9_0'.
04:50:01 INFO  : ----------------XSDB Script----------------
connect -url tcp:127.0.0.1:3121
source C:/Users/USER/Desktop/VideoSystem1080p/VideoSystem1080p.sdk/VideoSystem1080p_wrapper_hw_platform_0/ps7_init.tcl
targets -set -filter {name =~"APU" && jtag_cable_name =~ "Digilent Zed 210248445883"} -index 0
loadhw C:/Users/USER/Desktop/VideoSystem1080p/VideoSystem1080p.sdk/VideoSystem1080p_wrapper_hw_platform_0/system.hdf
targets -set -filter {name =~"APU" && jtag_cable_name =~ "Digilent Zed 210248445883"} -index 0
stop
ps7_init
ps7_post_config
targets -set -nocase -filter {name =~ "ARM*#0" && jtag_cable_name =~ "Digilent Zed 210248445883"} -index 0
rst -processor
targets -set -nocase -filter {name =~ "ARM*#0" && jtag_cable_name =~ "Digilent Zed 210248445883"} -index 0
dow C:/Users/USER/Desktop/VideoSystem1080p/VideoSystem1080p.sdk/VideoSystem1080p/Debug/VideoSystem1080p.elf
----------------End of Script----------------

04:50:01 INFO  : Memory regions updated for context APU
04:50:01 INFO  : Context for processor 'ps7_cortexa9_0' is selected.
04:50:01 INFO  : 'con' command is executed.
04:50:01 INFO  : ----------------XSDB Script (After Launch)----------------
targets -set -nocase -filter {name =~ "ARM*#0" && jtag_cable_name =~ "Digilent Zed 210248445883"} -index 0
con
----------------End of Script----------------

04:53:39 INFO  : Disconnected from the channel tcfchan#1.
04:53:40 INFO  : 'targets -set -filter {jtag_cable_name =~ "Digilent Zed 210248445883" && level==0} -index 1' command is executed.
04:53:40 INFO  : 'fpga -state' command is executed.
04:53:40 INFO  : Connected to target on host '127.0.0.1' and port '3121'.
04:53:40 INFO  : Sourcing of 'C:/Users/USER/Desktop/VideoSystem1080p/VideoSystem1080p.sdk/VideoSystem1080p_wrapper_hw_platform_0/ps7_init.tcl' is done.
04:53:41 INFO  : 'targets -set -filter {name =~"APU" && jtag_cable_name =~ "Digilent Zed 210248445883"} -index 0' command is executed.
04:53:46 INFO  : Hardware design information is loaded from 'C:/Users/USER/Desktop/VideoSystem1080p/VideoSystem1080p.sdk/VideoSystem1080p_wrapper_hw_platform_0/system.hdf'.
04:53:47 INFO  : 'targets -set -filter {name =~"APU" && jtag_cable_name =~ "Digilent Zed 210248445883"} -index 0' command is executed.
04:53:47 INFO  : 'stop' command is executed.
04:53:48 INFO  : 'ps7_init' command is executed.
04:53:48 INFO  : 'ps7_post_config' command is executed.
04:53:48 INFO  : Context for processor 'ps7_cortexa9_0' is selected.
04:53:48 INFO  : Processor reset is completed for 'ps7_cortexa9_0'.
04:53:48 INFO  : Context for processor 'ps7_cortexa9_0' is selected.
04:54:08 INFO  : The application 'C:/Users/USER/Desktop/VideoSystem1080p/VideoSystem1080p.sdk/VideoSystem1080p/Debug/VideoSystem1080p.elf' is downloaded to processor 'ps7_cortexa9_0'.
04:54:08 INFO  : ----------------XSDB Script----------------
connect -url tcp:127.0.0.1:3121
source C:/Users/USER/Desktop/VideoSystem1080p/VideoSystem1080p.sdk/VideoSystem1080p_wrapper_hw_platform_0/ps7_init.tcl
targets -set -filter {name =~"APU" && jtag_cable_name =~ "Digilent Zed 210248445883"} -index 0
loadhw C:/Users/USER/Desktop/VideoSystem1080p/VideoSystem1080p.sdk/VideoSystem1080p_wrapper_hw_platform_0/system.hdf
targets -set -filter {name =~"APU" && jtag_cable_name =~ "Digilent Zed 210248445883"} -index 0
stop
ps7_init
ps7_post_config
targets -set -nocase -filter {name =~ "ARM*#0" && jtag_cable_name =~ "Digilent Zed 210248445883"} -index 0
rst -processor
targets -set -nocase -filter {name =~ "ARM*#0" && jtag_cable_name =~ "Digilent Zed 210248445883"} -index 0
dow C:/Users/USER/Desktop/VideoSystem1080p/VideoSystem1080p.sdk/VideoSystem1080p/Debug/VideoSystem1080p.elf
----------------End of Script----------------

04:54:08 INFO  : Memory regions updated for context APU
04:54:08 INFO  : Context for processor 'ps7_cortexa9_0' is selected.
04:54:08 INFO  : 'con' command is executed.
04:54:08 INFO  : ----------------XSDB Script (After Launch)----------------
targets -set -nocase -filter {name =~ "ARM*#0" && jtag_cable_name =~ "Digilent Zed 210248445883"} -index 0
con
----------------End of Script----------------

04:54:39 INFO  : Disconnected from the channel tcfchan#2.
04:54:40 INFO  : 'targets -set -filter {jtag_cable_name =~ "Digilent Zed 210248445883" && level==0} -index 1' command is executed.
04:54:40 INFO  : 'fpga -state' command is executed.
04:54:40 INFO  : Connected to target on host '127.0.0.1' and port '3121'.
04:54:40 INFO  : Sourcing of 'C:/Users/USER/Desktop/VideoSystem1080p/VideoSystem1080p.sdk/VideoSystem1080p_wrapper_hw_platform_0/ps7_init.tcl' is done.
04:54:41 INFO  : 'targets -set -filter {name =~"APU" && jtag_cable_name =~ "Digilent Zed 210248445883"} -index 0' command is executed.
04:54:45 INFO  : Hardware design information is loaded from 'C:/Users/USER/Desktop/VideoSystem1080p/VideoSystem1080p.sdk/VideoSystem1080p_wrapper_hw_platform_0/system.hdf'.
04:54:46 INFO  : 'targets -set -filter {name =~"APU" && jtag_cable_name =~ "Digilent Zed 210248445883"} -index 0' command is executed.
04:54:46 INFO  : 'stop' command is executed.
04:54:46 INFO  : 'ps7_init' command is executed.
04:54:47 INFO  : 'ps7_post_config' command is executed.
04:54:47 INFO  : Context for processor 'ps7_cortexa9_0' is selected.
04:54:47 INFO  : Processor reset is completed for 'ps7_cortexa9_0'.
04:54:47 INFO  : Context for processor 'ps7_cortexa9_0' is selected.
04:55:06 INFO  : The application 'C:/Users/USER/Desktop/VideoSystem1080p/VideoSystem1080p.sdk/VideoSystem1080p/Debug/VideoSystem1080p.elf' is downloaded to processor 'ps7_cortexa9_0'.
04:55:06 INFO  : ----------------XSDB Script----------------
connect -url tcp:127.0.0.1:3121
source C:/Users/USER/Desktop/VideoSystem1080p/VideoSystem1080p.sdk/VideoSystem1080p_wrapper_hw_platform_0/ps7_init.tcl
targets -set -filter {name =~"APU" && jtag_cable_name =~ "Digilent Zed 210248445883"} -index 0
loadhw C:/Users/USER/Desktop/VideoSystem1080p/VideoSystem1080p.sdk/VideoSystem1080p_wrapper_hw_platform_0/system.hdf
targets -set -filter {name =~"APU" && jtag_cable_name =~ "Digilent Zed 210248445883"} -index 0
stop
ps7_init
ps7_post_config
targets -set -nocase -filter {name =~ "ARM*#0" && jtag_cable_name =~ "Digilent Zed 210248445883"} -index 0
rst -processor
targets -set -nocase -filter {name =~ "ARM*#0" && jtag_cable_name =~ "Digilent Zed 210248445883"} -index 0
dow C:/Users/USER/Desktop/VideoSystem1080p/VideoSystem1080p.sdk/VideoSystem1080p/Debug/VideoSystem1080p.elf
----------------End of Script----------------

04:55:06 INFO  : Memory regions updated for context APU
04:55:06 INFO  : Context for processor 'ps7_cortexa9_0' is selected.
04:55:06 INFO  : 'con' command is executed.
04:55:06 INFO  : ----------------XSDB Script (After Launch)----------------
targets -set -nocase -filter {name =~ "ARM*#0" && jtag_cable_name =~ "Digilent Zed 210248445883"} -index 0
con
----------------End of Script----------------

05:07:26 INFO  : Disconnected from the channel tcfchan#3.
05:07:26 INFO  : 'targets -set -filter {jtag_cable_name =~ "Digilent Zed 210248445883" && level==0} -index 1' command is executed.
05:07:26 INFO  : 'fpga -state' command is executed.
05:07:27 INFO  : Connected to target on host '127.0.0.1' and port '3121'.
05:07:27 INFO  : Sourcing of 'C:/Users/USER/Desktop/VideoSystem1080p/VideoSystem1080p.sdk/VideoSystem1080p_wrapper_hw_platform_0/ps7_init.tcl' is done.
05:07:27 INFO  : 'targets -set -filter {name =~"APU" && jtag_cable_name =~ "Digilent Zed 210248445883"} -index 0' command is executed.
05:07:33 INFO  : Hardware design information is loaded from 'C:/Users/USER/Desktop/VideoSystem1080p/VideoSystem1080p.sdk/VideoSystem1080p_wrapper_hw_platform_0/system.hdf'.
05:07:33 INFO  : 'targets -set -filter {name =~"APU" && jtag_cable_name =~ "Digilent Zed 210248445883"} -index 0' command is executed.
05:07:33 INFO  : 'stop' command is executed.
05:07:34 INFO  : 'ps7_init' command is executed.
05:07:34 INFO  : 'ps7_post_config' command is executed.
05:07:34 INFO  : Context for processor 'ps7_cortexa9_0' is selected.
05:07:34 INFO  : Processor reset is completed for 'ps7_cortexa9_0'.
05:07:35 INFO  : Context for processor 'ps7_cortexa9_0' is selected.
05:07:55 INFO  : The application 'C:/Users/USER/Desktop/VideoSystem1080p/VideoSystem1080p.sdk/VideoSystem1080p/Debug/VideoSystem1080p.elf' is downloaded to processor 'ps7_cortexa9_0'.
05:07:55 INFO  : ----------------XSDB Script----------------
connect -url tcp:127.0.0.1:3121
source C:/Users/USER/Desktop/VideoSystem1080p/VideoSystem1080p.sdk/VideoSystem1080p_wrapper_hw_platform_0/ps7_init.tcl
targets -set -filter {name =~"APU" && jtag_cable_name =~ "Digilent Zed 210248445883"} -index 0
loadhw C:/Users/USER/Desktop/VideoSystem1080p/VideoSystem1080p.sdk/VideoSystem1080p_wrapper_hw_platform_0/system.hdf
targets -set -filter {name =~"APU" && jtag_cable_name =~ "Digilent Zed 210248445883"} -index 0
stop
ps7_init
ps7_post_config
targets -set -nocase -filter {name =~ "ARM*#0" && jtag_cable_name =~ "Digilent Zed 210248445883"} -index 0
rst -processor
targets -set -nocase -filter {name =~ "ARM*#0" && jtag_cable_name =~ "Digilent Zed 210248445883"} -index 0
dow C:/Users/USER/Desktop/VideoSystem1080p/VideoSystem1080p.sdk/VideoSystem1080p/Debug/VideoSystem1080p.elf
----------------End of Script----------------

05:07:55 INFO  : Memory regions updated for context APU
05:07:55 INFO  : Context for processor 'ps7_cortexa9_0' is selected.
05:07:55 INFO  : 'con' command is executed.
05:07:55 INFO  : ----------------XSDB Script (After Launch)----------------
targets -set -nocase -filter {name =~ "ARM*#0" && jtag_cable_name =~ "Digilent Zed 210248445883"} -index 0
con
----------------End of Script----------------

06:27:24 INFO  : Launching XSDB server: xsdb.bat -interactive C:\Users\USER\Desktop\VideoSystem1080p\VideoSystem1080p.sdk\temp_xsdb_launch_script.tcl
06:27:28 INFO  : XSDB server has started successfully.
06:27:28 WARN  : channel "tcfchan#4" closed
06:29:43 INFO  : Launching XSDB server: xsdb.bat -interactive C:\Users\USER\Desktop\VideoSystem1080p\VideoSystem1080p.sdk\temp_xsdb_launch_script.tcl
06:29:46 INFO  : XSDB server has started successfully.
06:29:46 INFO  : Processing command line option -hwspec C:/Users/USER/Desktop/VideoSystem1080p/VideoSystem1080p.sdk/VideoSystem1080p_wrapper.hdf.
06:29:46 INFO  : Checking for hwspec changes in the project VideoSystem1080p_wrapper_hw_platform_0.
06:34:09 INFO  : Launching XSDB server: xsdb.bat -interactive C:\Users\USER\Desktop\VideoSystem1080p\VideoSystem1080p.sdk\temp_xsdb_launch_script.tcl
06:34:11 INFO  : XSDB server has started successfully.
06:34:12 INFO  : Processing command line option -hwspec C:/Users/USER/Desktop/VideoSystem1080p/VideoSystem1080p.sdk/VideoSystem1080p_wrapper.hdf.
06:34:12 INFO  : Checking for hwspec changes in the project VideoSystem1080p_wrapper_hw_platform_0.
07:59:49 INFO  : Launching XSDB server: xsdb.bat -interactive C:\Users\USER\Desktop\VideoSystem1080p\VideoSystem1080p.sdk\temp_xsdb_launch_script.tcl
07:59:52 INFO  : XSDB server has started successfully.
07:59:52 INFO  : Processing command line option -hwspec C:/Users/USER/Desktop/VideoSystem1080p/VideoSystem1080p.sdk/VideoSystem1080p_wrapper.hdf.
07:59:52 INFO  : Checking for hwspec changes in the project VideoSystem1080p_wrapper_hw_platform_0.
08:07:25 INFO  : Launching XSDB server: xsdb.bat -interactive C:\Users\USER\Desktop\VideoSystem1080p\VideoSystem1080p.sdk\temp_xsdb_launch_script.tcl
08:07:29 INFO  : XSDB server has started successfully.
08:07:29 INFO  : Processing command line option -hwspec C:/Users/USER/Desktop/VideoSystem1080p/VideoSystem1080p.sdk/VideoSystem1080p_wrapper.hdf.
08:07:40 INFO  : Checking for hwspec changes in the project VideoSystem1080p_wrapper_hw_platform_0.
08:18:42 INFO  : 'targets -set -filter {jtag_cable_name =~ "Digilent Zed 210248445883" && level==0} -index 1' command is executed.
08:18:42 INFO  : 'fpga -state' command is executed.
08:18:43 INFO  : Connected to target on host '127.0.0.1' and port '3121'.
08:18:43 INFO  : Sourcing of 'C:/Users/USER/Desktop/VideoSystem1080p/VideoSystem1080p.sdk/VideoSystem1080p_wrapper_hw_platform_0/ps7_init.tcl' is done.
08:18:43 INFO  : 'targets -set -filter {name =~"APU" && jtag_cable_name =~ "Digilent Zed 210248445883"} -index 0' command is executed.
08:18:43 INFO  : Hardware design information is loaded from 'C:/Users/USER/Desktop/VideoSystem1080p/VideoSystem1080p.sdk/VideoSystem1080p_wrapper_hw_platform_0/system.hdf'.
08:18:44 INFO  : 'targets -set -filter {name =~"APU" && jtag_cable_name =~ "Digilent Zed 210248445883"} -index 0' command is executed.
08:18:44 INFO  : 'stop' command is executed.
08:18:44 INFO  : 'ps7_init' command is executed.
08:18:45 INFO  : 'ps7_post_config' command is executed.
08:18:45 INFO  : Context for processor 'ps7_cortexa9_0' is selected.
08:18:45 INFO  : Processor reset is completed for 'ps7_cortexa9_0'.
08:18:45 INFO  : Context for processor 'ps7_cortexa9_0' is selected.
08:18:57 INFO  : The application 'C:/Users/USER/Desktop/VideoSystem1080p/VideoSystem1080p.sdk/VideoSystem1080p/Debug/VideoSystem1080p.elf' is downloaded to processor 'ps7_cortexa9_0'.
08:18:57 INFO  : ----------------XSDB Script----------------
connect -url tcp:127.0.0.1:3121
source C:/Users/USER/Desktop/VideoSystem1080p/VideoSystem1080p.sdk/VideoSystem1080p_wrapper_hw_platform_0/ps7_init.tcl
targets -set -filter {name =~"APU" && jtag_cable_name =~ "Digilent Zed 210248445883"} -index 0
loadhw C:/Users/USER/Desktop/VideoSystem1080p/VideoSystem1080p.sdk/VideoSystem1080p_wrapper_hw_platform_0/system.hdf
targets -set -filter {name =~"APU" && jtag_cable_name =~ "Digilent Zed 210248445883"} -index 0
stop
ps7_init
ps7_post_config
targets -set -nocase -filter {name =~ "ARM*#0" && jtag_cable_name =~ "Digilent Zed 210248445883"} -index 0
rst -processor
targets -set -nocase -filter {name =~ "ARM*#0" && jtag_cable_name =~ "Digilent Zed 210248445883"} -index 0
dow C:/Users/USER/Desktop/VideoSystem1080p/VideoSystem1080p.sdk/VideoSystem1080p/Debug/VideoSystem1080p.elf
----------------End of Script----------------

08:18:57 INFO  : Memory regions updated for context APU
08:18:58 INFO  : Context for processor 'ps7_cortexa9_0' is selected.
08:18:58 INFO  : 'con' command is executed.
08:18:58 INFO  : ----------------XSDB Script (After Launch)----------------
targets -set -nocase -filter {name =~ "ARM*#0" && jtag_cable_name =~ "Digilent Zed 210248445883"} -index 0
con
----------------End of Script----------------

08:22:13 INFO  : Disconnected from the channel tcfchan#1.
08:22:13 INFO  : 'targets -set -filter {jtag_cable_name =~ "Digilent Zed 210248445883" && level==0} -index 1' command is executed.
08:22:14 INFO  : 'fpga -state' command is executed.
08:22:14 INFO  : Connected to target on host '127.0.0.1' and port '3121'.
08:22:14 INFO  : Sourcing of 'C:/Users/USER/Desktop/VideoSystem1080p/VideoSystem1080p.sdk/VideoSystem1080p_wrapper_hw_platform_0/ps7_init.tcl' is done.
08:22:14 INFO  : 'targets -set -filter {name =~"APU" && jtag_cable_name =~ "Digilent Zed 210248445883"} -index 0' command is executed.
08:22:19 INFO  : Hardware design information is loaded from 'C:/Users/USER/Desktop/VideoSystem1080p/VideoSystem1080p.sdk/VideoSystem1080p_wrapper_hw_platform_0/system.hdf'.
08:22:19 INFO  : 'targets -set -filter {name =~"APU" && jtag_cable_name =~ "Digilent Zed 210248445883"} -index 0' command is executed.
08:22:19 INFO  : 'stop' command is executed.
08:22:20 INFO  : 'ps7_init' command is executed.
08:22:20 INFO  : 'ps7_post_config' command is executed.
08:22:20 INFO  : Context for processor 'ps7_cortexa9_0' is selected.
08:22:20 INFO  : Processor reset is completed for 'ps7_cortexa9_0'.
08:22:20 INFO  : Context for processor 'ps7_cortexa9_0' is selected.
08:22:32 INFO  : The application 'C:/Users/USER/Desktop/VideoSystem1080p/VideoSystem1080p.sdk/VideoSystem1080p/Debug/VideoSystem1080p.elf' is downloaded to processor 'ps7_cortexa9_0'.
08:22:32 INFO  : ----------------XSDB Script----------------
connect -url tcp:127.0.0.1:3121
source C:/Users/USER/Desktop/VideoSystem1080p/VideoSystem1080p.sdk/VideoSystem1080p_wrapper_hw_platform_0/ps7_init.tcl
targets -set -filter {name =~"APU" && jtag_cable_name =~ "Digilent Zed 210248445883"} -index 0
loadhw C:/Users/USER/Desktop/VideoSystem1080p/VideoSystem1080p.sdk/VideoSystem1080p_wrapper_hw_platform_0/system.hdf
targets -set -filter {name =~"APU" && jtag_cable_name =~ "Digilent Zed 210248445883"} -index 0
stop
ps7_init
ps7_post_config
targets -set -nocase -filter {name =~ "ARM*#0" && jtag_cable_name =~ "Digilent Zed 210248445883"} -index 0
rst -processor
targets -set -nocase -filter {name =~ "ARM*#0" && jtag_cable_name =~ "Digilent Zed 210248445883"} -index 0
dow C:/Users/USER/Desktop/VideoSystem1080p/VideoSystem1080p.sdk/VideoSystem1080p/Debug/VideoSystem1080p.elf
----------------End of Script----------------

08:22:32 INFO  : Memory regions updated for context APU
08:22:32 INFO  : Context for processor 'ps7_cortexa9_0' is selected.
08:22:32 INFO  : 'con' command is executed.
08:22:32 INFO  : ----------------XSDB Script (After Launch)----------------
targets -set -nocase -filter {name =~ "ARM*#0" && jtag_cable_name =~ "Digilent Zed 210248445883"} -index 0
con
----------------End of Script----------------

08:37:20 INFO  : Disconnected from the channel tcfchan#2.
08:37:20 INFO  : 'targets -set -filter {jtag_cable_name =~ "Digilent Zed 210248445883" && level==0} -index 1' command is executed.
08:37:20 INFO  : 'fpga -state' command is executed.
08:37:20 INFO  : Connected to target on host '127.0.0.1' and port '3121'.
08:37:21 INFO  : Sourcing of 'C:/Users/USER/Desktop/VideoSystem1080p/VideoSystem1080p.sdk/VideoSystem1080p_wrapper_hw_platform_0/ps7_init.tcl' is done.
08:37:21 INFO  : 'targets -set -filter {name =~"APU" && jtag_cable_name =~ "Digilent Zed 210248445883"} -index 0' command is executed.
08:37:26 INFO  : Hardware design information is loaded from 'C:/Users/USER/Desktop/VideoSystem1080p/VideoSystem1080p.sdk/VideoSystem1080p_wrapper_hw_platform_0/system.hdf'.
08:37:26 INFO  : 'targets -set -filter {name =~"APU" && jtag_cable_name =~ "Digilent Zed 210248445883"} -index 0' command is executed.
08:37:26 INFO  : 'stop' command is executed.
08:37:27 INFO  : 'ps7_init' command is executed.
08:37:27 INFO  : 'ps7_post_config' command is executed.
08:37:27 INFO  : Context for processor 'ps7_cortexa9_0' is selected.
08:37:27 INFO  : Processor reset is completed for 'ps7_cortexa9_0'.
08:37:27 INFO  : Context for processor 'ps7_cortexa9_0' is selected.
08:37:38 INFO  : The application 'C:/Users/USER/Desktop/VideoSystem1080p/VideoSystem1080p.sdk/VideoSystem1080p/Debug/VideoSystem1080p.elf' is downloaded to processor 'ps7_cortexa9_0'.
08:37:38 INFO  : ----------------XSDB Script----------------
connect -url tcp:127.0.0.1:3121
source C:/Users/USER/Desktop/VideoSystem1080p/VideoSystem1080p.sdk/VideoSystem1080p_wrapper_hw_platform_0/ps7_init.tcl
targets -set -filter {name =~"APU" && jtag_cable_name =~ "Digilent Zed 210248445883"} -index 0
loadhw C:/Users/USER/Desktop/VideoSystem1080p/VideoSystem1080p.sdk/VideoSystem1080p_wrapper_hw_platform_0/system.hdf
targets -set -filter {name =~"APU" && jtag_cable_name =~ "Digilent Zed 210248445883"} -index 0
stop
ps7_init
ps7_post_config
targets -set -nocase -filter {name =~ "ARM*#0" && jtag_cable_name =~ "Digilent Zed 210248445883"} -index 0
rst -processor
targets -set -nocase -filter {name =~ "ARM*#0" && jtag_cable_name =~ "Digilent Zed 210248445883"} -index 0
dow C:/Users/USER/Desktop/VideoSystem1080p/VideoSystem1080p.sdk/VideoSystem1080p/Debug/VideoSystem1080p.elf
----------------End of Script----------------

08:37:38 INFO  : Memory regions updated for context APU
08:37:39 INFO  : Context for processor 'ps7_cortexa9_0' is selected.
08:37:39 INFO  : 'con' command is executed.
08:37:39 INFO  : ----------------XSDB Script (After Launch)----------------
targets -set -nocase -filter {name =~ "ARM*#0" && jtag_cable_name =~ "Digilent Zed 210248445883"} -index 0
con
----------------End of Script----------------

03:32:58 INFO  : SDK has detected change in the last modified timestamps for source hardware specification file Source:1637782376433,  Project:1637694035959
03:32:58 INFO  : Project VideoSystem1080p_wrapper_hw_platform_0's source hardware specification located at C:/Users/USER/Desktop/VideoSystem1080p/VideoSystem1080p.sdk/VideoSystem1080p_wrapper.hdf is now different from the local copy.
		 The local copy will be replaced with the source specification and your workspace will be updated.
03:33:43 INFO  : Copied contents of C:/Users/USER/Desktop/VideoSystem1080p/VideoSystem1080p.sdk/VideoSystem1080p_wrapper.hdf into \VideoSystem1080p_wrapper_hw_platform_0\system.hdf.
03:33:53 INFO  : Synchronizing projects in the workspace with the hardware platform specification changes.
03:34:05 INFO  : 
03:34:06 INFO  : Updating hardware inferred compiler options for VideoSystem1080p.
03:34:06 INFO  : Clearing existing target manager status.
03:34:27 INFO  : Launching XSDB server: xsdb.bat -interactive C:\Users\USER\Desktop\VideoSystem1080p\VideoSystem1080p.sdk\temp_xsdb_launch_script.tcl
03:34:27 ERROR : Unexpected error while parsing XMD response ?: com.google.gson.JsonSyntaxException: com.google.gson.stream.MalformedJsonException: invalid number or unquoted string near 
03:34:51 INFO  : Launching XSDB server: xsdb.bat -interactive C:\Users\USER\Desktop\VideoSystem1080p\VideoSystem1080p.sdk\temp_xsdb_launch_script.tcl
03:34:53 INFO  : XSDB server has started successfully.
03:34:56 INFO  : Processing command line option -hwspec C:/Users/USER/Desktop/VideoSystem1080p/VideoSystem1080p.sdk/VideoSystem1080p_wrapper.hdf.
03:34:56 INFO  : Checking for hwspec changes in the project VideoSystem1080p_wrapper_hw_platform_0.
03:40:52 INFO  : 'targets -set -filter {jtag_cable_name =~ "Digilent Zed 210248445883" && level==0} -index 1' command is executed.
03:40:52 INFO  : 'fpga -state' command is executed.
03:40:52 INFO  : Connected to target on host '127.0.0.1' and port '3121'.
03:40:53 INFO  : Sourcing of 'C:/Users/USER/Desktop/VideoSystem1080p/VideoSystem1080p.sdk/VideoSystem1080p_wrapper_hw_platform_0/ps7_init.tcl' is done.
03:40:53 INFO  : 'targets -set -filter {name =~"APU" && jtag_cable_name =~ "Digilent Zed 210248445883"} -index 0' command is executed.
03:40:53 INFO  : Hardware design information is loaded from 'C:/Users/USER/Desktop/VideoSystem1080p/VideoSystem1080p.sdk/VideoSystem1080p_wrapper_hw_platform_0/system.hdf'.
03:40:53 INFO  : 'targets -set -filter {name =~"APU" && jtag_cable_name =~ "Digilent Zed 210248445883"} -index 0' command is executed.
03:40:53 INFO  : 'stop' command is executed.
03:40:54 INFO  : 'ps7_init' command is executed.
03:40:54 INFO  : 'ps7_post_config' command is executed.
03:40:55 INFO  : Context for processor 'ps7_cortexa9_0' is selected.
03:40:55 INFO  : Processor reset is completed for 'ps7_cortexa9_0'.
03:40:55 INFO  : Context for processor 'ps7_cortexa9_0' is selected.
03:41:07 INFO  : The application 'C:/Users/USER/Desktop/VideoSystem1080p/VideoSystem1080p.sdk/VideoSystem1080p/Debug/VideoSystem1080p.elf' is downloaded to processor 'ps7_cortexa9_0'.
03:41:07 INFO  : ----------------XSDB Script----------------
connect -url tcp:127.0.0.1:3121
source C:/Users/USER/Desktop/VideoSystem1080p/VideoSystem1080p.sdk/VideoSystem1080p_wrapper_hw_platform_0/ps7_init.tcl
targets -set -filter {name =~"APU" && jtag_cable_name =~ "Digilent Zed 210248445883"} -index 0
loadhw C:/Users/USER/Desktop/VideoSystem1080p/VideoSystem1080p.sdk/VideoSystem1080p_wrapper_hw_platform_0/system.hdf
targets -set -filter {name =~"APU" && jtag_cable_name =~ "Digilent Zed 210248445883"} -index 0
stop
ps7_init
ps7_post_config
targets -set -nocase -filter {name =~ "ARM*#0" && jtag_cable_name =~ "Digilent Zed 210248445883"} -index 0
rst -processor
targets -set -nocase -filter {name =~ "ARM*#0" && jtag_cable_name =~ "Digilent Zed 210248445883"} -index 0
dow C:/Users/USER/Desktop/VideoSystem1080p/VideoSystem1080p.sdk/VideoSystem1080p/Debug/VideoSystem1080p.elf
----------------End of Script----------------

03:41:07 INFO  : Memory regions updated for context APU
03:41:07 INFO  : Context for processor 'ps7_cortexa9_0' is selected.
03:41:07 INFO  : 'con' command is executed.
03:41:07 INFO  : ----------------XSDB Script (After Launch)----------------
targets -set -nocase -filter {name =~ "ARM*#0" && jtag_cable_name =~ "Digilent Zed 210248445883"} -index 0
con
----------------End of Script----------------

03:46:15 INFO  : Launching XSDB server: xsdb.bat -interactive C:\Users\USER\Desktop\VideoSystem1080p\VideoSystem1080p.sdk\temp_xsdb_launch_script.tcl
20:33:26 INFO  : Launching XSDB server: xsdb.bat -interactive C:\Users\USER\Desktop\VideoSystem1080p\VideoSystem1080p.sdk\temp_xsdb_launch_script.tcl
20:33:30 INFO  : XSDB server has started successfully.
20:33:36 INFO  : Processing command line option -hwspec C:/Users/USER/Desktop/VideoSystem1080p/VideoSystem1080p.sdk/VideoSystem1080p_wrapper.hdf.
20:33:36 INFO  : Checking for hwspec changes in the project VideoSystem1080p_wrapper_hw_platform_0.
23:37:38 INFO  : 'targets -set -filter {jtag_cable_name =~ "Digilent Zed 210248445883" && level==0} -index 1' command is executed.
23:37:38 INFO  : 'fpga -state' command is executed.
23:37:38 INFO  : Connected to target on host '127.0.0.1' and port '3121'.
23:37:38 INFO  : Sourcing of 'C:/Users/USER/Desktop/VideoSystem1080p/VideoSystem1080p.sdk/VideoSystem1080p_wrapper_hw_platform_0/ps7_init.tcl' is done.
23:37:39 INFO  : 'targets -set -filter {name =~"APU" && jtag_cable_name =~ "Digilent Zed 210248445883"} -index 0' command is executed.
23:37:39 INFO  : Hardware design information is loaded from 'C:/Users/USER/Desktop/VideoSystem1080p/VideoSystem1080p.sdk/VideoSystem1080p_wrapper_hw_platform_0/system.hdf'.
23:37:39 INFO  : 'targets -set -filter {name =~"APU" && jtag_cable_name =~ "Digilent Zed 210248445883"} -index 0' command is executed.
23:37:39 INFO  : 'stop' command is executed.
23:37:40 INFO  : 'ps7_init' command is executed.
23:37:40 INFO  : 'ps7_post_config' command is executed.
23:37:40 INFO  : Context for processor 'ps7_cortexa9_0' is selected.
23:37:41 INFO  : Processor reset is completed for 'ps7_cortexa9_0'.
23:37:41 INFO  : Context for processor 'ps7_cortexa9_0' is selected.
23:38:29 INFO  : The application 'C:/Users/USER/Desktop/VideoSystem1080p/VideoSystem1080p.sdk/VideoSystem1080p/Debug/VideoSystem1080p.elf' is downloaded to processor 'ps7_cortexa9_0'.
23:38:29 INFO  : ----------------XSDB Script----------------
connect -url tcp:127.0.0.1:3121
source C:/Users/USER/Desktop/VideoSystem1080p/VideoSystem1080p.sdk/VideoSystem1080p_wrapper_hw_platform_0/ps7_init.tcl
targets -set -filter {name =~"APU" && jtag_cable_name =~ "Digilent Zed 210248445883"} -index 0
loadhw C:/Users/USER/Desktop/VideoSystem1080p/VideoSystem1080p.sdk/VideoSystem1080p_wrapper_hw_platform_0/system.hdf
targets -set -filter {name =~"APU" && jtag_cable_name =~ "Digilent Zed 210248445883"} -index 0
stop
ps7_init
ps7_post_config
targets -set -nocase -filter {name =~ "ARM*#0" && jtag_cable_name =~ "Digilent Zed 210248445883"} -index 0
rst -processor
targets -set -nocase -filter {name =~ "ARM*#0" && jtag_cable_name =~ "Digilent Zed 210248445883"} -index 0
dow C:/Users/USER/Desktop/VideoSystem1080p/VideoSystem1080p.sdk/VideoSystem1080p/Debug/VideoSystem1080p.elf
----------------End of Script----------------

23:38:29 INFO  : Memory regions updated for context APU
23:38:29 INFO  : Context for processor 'ps7_cortexa9_0' is selected.
23:38:30 INFO  : 'con' command is executed.
23:38:30 INFO  : ----------------XSDB Script (After Launch)----------------
targets -set -nocase -filter {name =~ "ARM*#0" && jtag_cable_name =~ "Digilent Zed 210248445883"} -index 0
con
----------------End of Script----------------

23:48:28 INFO  : Disconnected from the channel tcfchan#1.
23:48:29 INFO  : 'targets -set -filter {jtag_cable_name =~ "Digilent Zed 210248445883" && level==0} -index 1' command is executed.
23:48:29 INFO  : 'fpga -state' command is executed.
23:48:29 INFO  : Connected to target on host '127.0.0.1' and port '3121'.
23:48:29 INFO  : Sourcing of 'C:/Users/USER/Desktop/VideoSystem1080p/VideoSystem1080p.sdk/VideoSystem1080p_wrapper_hw_platform_0/ps7_init.tcl' is done.
23:48:30 INFO  : 'targets -set -filter {name =~"APU" && jtag_cable_name =~ "Digilent Zed 210248445883"} -index 0' command is executed.
23:48:35 INFO  : Hardware design information is loaded from 'C:/Users/USER/Desktop/VideoSystem1080p/VideoSystem1080p.sdk/VideoSystem1080p_wrapper_hw_platform_0/system.hdf'.
23:48:35 INFO  : 'targets -set -filter {name =~"APU" && jtag_cable_name =~ "Digilent Zed 210248445883"} -index 0' command is executed.
23:48:35 INFO  : 'stop' command is executed.
23:48:36 INFO  : 'ps7_init' command is executed.
23:48:36 INFO  : 'ps7_post_config' command is executed.
23:48:36 INFO  : Context for processor 'ps7_cortexa9_0' is selected.
23:48:36 INFO  : Processor reset is completed for 'ps7_cortexa9_0'.
23:48:37 INFO  : Context for processor 'ps7_cortexa9_0' is selected.
23:49:30 INFO  : The application 'C:/Users/USER/Desktop/VideoSystem1080p/VideoSystem1080p.sdk/VideoSystem1080p/Debug/VideoSystem1080p.elf' is downloaded to processor 'ps7_cortexa9_0'.
23:49:30 INFO  : ----------------XSDB Script----------------
connect -url tcp:127.0.0.1:3121
source C:/Users/USER/Desktop/VideoSystem1080p/VideoSystem1080p.sdk/VideoSystem1080p_wrapper_hw_platform_0/ps7_init.tcl
targets -set -filter {name =~"APU" && jtag_cable_name =~ "Digilent Zed 210248445883"} -index 0
loadhw C:/Users/USER/Desktop/VideoSystem1080p/VideoSystem1080p.sdk/VideoSystem1080p_wrapper_hw_platform_0/system.hdf
targets -set -filter {name =~"APU" && jtag_cable_name =~ "Digilent Zed 210248445883"} -index 0
stop
ps7_init
ps7_post_config
targets -set -nocase -filter {name =~ "ARM*#0" && jtag_cable_name =~ "Digilent Zed 210248445883"} -index 0
rst -processor
targets -set -nocase -filter {name =~ "ARM*#0" && jtag_cable_name =~ "Digilent Zed 210248445883"} -index 0
dow C:/Users/USER/Desktop/VideoSystem1080p/VideoSystem1080p.sdk/VideoSystem1080p/Debug/VideoSystem1080p.elf
----------------End of Script----------------

23:49:30 INFO  : Memory regions updated for context APU
23:49:30 INFO  : Context for processor 'ps7_cortexa9_0' is selected.
23:49:30 INFO  : 'con' command is executed.
23:49:30 INFO  : ----------------XSDB Script (After Launch)----------------
targets -set -nocase -filter {name =~ "ARM*#0" && jtag_cable_name =~ "Digilent Zed 210248445883"} -index 0
con
----------------End of Script----------------

23:59:57 INFO  : Disconnected from the channel tcfchan#2.
23:59:58 INFO  : 'targets -set -filter {jtag_cable_name =~ "Digilent Zed 210248445883" && level==0} -index 1' command is executed.
23:59:58 INFO  : 'fpga -state' command is executed.
23:59:58 INFO  : Connected to target on host '127.0.0.1' and port '3121'.
23:59:58 INFO  : Sourcing of 'C:/Users/USER/Desktop/VideoSystem1080p/VideoSystem1080p.sdk/VideoSystem1080p_wrapper_hw_platform_0/ps7_init.tcl' is done.
23:59:59 INFO  : 'targets -set -filter {name =~"APU" && jtag_cable_name =~ "Digilent Zed 210248445883"} -index 0' command is executed.
00:00:03 INFO  : Hardware design information is loaded from 'C:/Users/USER/Desktop/VideoSystem1080p/VideoSystem1080p.sdk/VideoSystem1080p_wrapper_hw_platform_0/system.hdf'.
00:00:04 INFO  : 'targets -set -filter {name =~"APU" && jtag_cable_name =~ "Digilent Zed 210248445883"} -index 0' command is executed.
00:00:04 INFO  : 'stop' command is executed.
00:00:05 INFO  : 'ps7_init' command is executed.
00:00:05 INFO  : 'ps7_post_config' command is executed.
00:00:05 INFO  : Context for processor 'ps7_cortexa9_0' is selected.
00:00:05 INFO  : Processor reset is completed for 'ps7_cortexa9_0'.
00:00:06 INFO  : Context for processor 'ps7_cortexa9_0' is selected.
00:00:56 INFO  : The application 'C:/Users/USER/Desktop/VideoSystem1080p/VideoSystem1080p.sdk/VideoSystem1080p/Debug/VideoSystem1080p.elf' is downloaded to processor 'ps7_cortexa9_0'.
00:00:56 INFO  : ----------------XSDB Script----------------
connect -url tcp:127.0.0.1:3121
source C:/Users/USER/Desktop/VideoSystem1080p/VideoSystem1080p.sdk/VideoSystem1080p_wrapper_hw_platform_0/ps7_init.tcl
targets -set -filter {name =~"APU" && jtag_cable_name =~ "Digilent Zed 210248445883"} -index 0
loadhw C:/Users/USER/Desktop/VideoSystem1080p/VideoSystem1080p.sdk/VideoSystem1080p_wrapper_hw_platform_0/system.hdf
targets -set -filter {name =~"APU" && jtag_cable_name =~ "Digilent Zed 210248445883"} -index 0
stop
ps7_init
ps7_post_config
targets -set -nocase -filter {name =~ "ARM*#0" && jtag_cable_name =~ "Digilent Zed 210248445883"} -index 0
rst -processor
targets -set -nocase -filter {name =~ "ARM*#0" && jtag_cable_name =~ "Digilent Zed 210248445883"} -index 0
dow C:/Users/USER/Desktop/VideoSystem1080p/VideoSystem1080p.sdk/VideoSystem1080p/Debug/VideoSystem1080p.elf
----------------End of Script----------------

00:00:56 INFO  : Memory regions updated for context APU
00:00:56 INFO  : Context for processor 'ps7_cortexa9_0' is selected.
00:00:57 INFO  : 'con' command is executed.
00:00:57 INFO  : ----------------XSDB Script (After Launch)----------------
targets -set -nocase -filter {name =~ "ARM*#0" && jtag_cable_name =~ "Digilent Zed 210248445883"} -index 0
con
----------------End of Script----------------

00:10:52 INFO  : Disconnected from the channel tcfchan#3.
00:10:53 INFO  : 'targets -set -filter {jtag_cable_name =~ "Digilent Zed 210248445883" && level==0} -index 1' command is executed.
00:10:53 INFO  : 'fpga -state' command is executed.
00:10:53 INFO  : Connected to target on host '127.0.0.1' and port '3121'.
00:10:53 INFO  : Sourcing of 'C:/Users/USER/Desktop/VideoSystem1080p/VideoSystem1080p.sdk/VideoSystem1080p_wrapper_hw_platform_0/ps7_init.tcl' is done.
00:10:53 INFO  : 'targets -set -filter {name =~"APU" && jtag_cable_name =~ "Digilent Zed 210248445883"} -index 0' command is executed.
00:10:59 INFO  : Hardware design information is loaded from 'C:/Users/USER/Desktop/VideoSystem1080p/VideoSystem1080p.sdk/VideoSystem1080p_wrapper_hw_platform_0/system.hdf'.
00:10:59 INFO  : 'targets -set -filter {name =~"APU" && jtag_cable_name =~ "Digilent Zed 210248445883"} -index 0' command is executed.
00:11:00 INFO  : 'stop' command is executed.
00:11:01 INFO  : 'ps7_init' command is executed.
00:11:01 INFO  : 'ps7_post_config' command is executed.
00:11:01 INFO  : Context for processor 'ps7_cortexa9_0' is selected.
00:11:01 INFO  : Processor reset is completed for 'ps7_cortexa9_0'.
00:11:02 INFO  : Context for processor 'ps7_cortexa9_0' is selected.
00:11:48 INFO  : The application 'C:/Users/USER/Desktop/VideoSystem1080p/VideoSystem1080p.sdk/VideoSystem1080p/Debug/VideoSystem1080p.elf' is downloaded to processor 'ps7_cortexa9_0'.
00:11:48 INFO  : ----------------XSDB Script----------------
connect -url tcp:127.0.0.1:3121
source C:/Users/USER/Desktop/VideoSystem1080p/VideoSystem1080p.sdk/VideoSystem1080p_wrapper_hw_platform_0/ps7_init.tcl
targets -set -filter {name =~"APU" && jtag_cable_name =~ "Digilent Zed 210248445883"} -index 0
loadhw C:/Users/USER/Desktop/VideoSystem1080p/VideoSystem1080p.sdk/VideoSystem1080p_wrapper_hw_platform_0/system.hdf
targets -set -filter {name =~"APU" && jtag_cable_name =~ "Digilent Zed 210248445883"} -index 0
stop
ps7_init
ps7_post_config
targets -set -nocase -filter {name =~ "ARM*#0" && jtag_cable_name =~ "Digilent Zed 210248445883"} -index 0
rst -processor
targets -set -nocase -filter {name =~ "ARM*#0" && jtag_cable_name =~ "Digilent Zed 210248445883"} -index 0
dow C:/Users/USER/Desktop/VideoSystem1080p/VideoSystem1080p.sdk/VideoSystem1080p/Debug/VideoSystem1080p.elf
----------------End of Script----------------

00:11:48 INFO  : Memory regions updated for context APU
00:11:48 INFO  : Context for processor 'ps7_cortexa9_0' is selected.
00:11:49 INFO  : 'con' command is executed.
00:11:49 INFO  : ----------------XSDB Script (After Launch)----------------
targets -set -nocase -filter {name =~ "ARM*#0" && jtag_cable_name =~ "Digilent Zed 210248445883"} -index 0
con
----------------End of Script----------------

00:12:12 INFO  : Disconnected from the channel tcfchan#4.
00:12:13 INFO  : 'targets -set -filter {jtag_cable_name =~ "Digilent Zed 210248445883" && level==0} -index 1' command is executed.
00:12:13 INFO  : 'fpga -state' command is executed.
00:12:13 INFO  : Connected to target on host '127.0.0.1' and port '3121'.
00:12:13 INFO  : Sourcing of 'C:/Users/USER/Desktop/VideoSystem1080p/VideoSystem1080p.sdk/VideoSystem1080p_wrapper_hw_platform_0/ps7_init.tcl' is done.
00:12:14 INFO  : 'targets -set -filter {name =~"APU" && jtag_cable_name =~ "Digilent Zed 210248445883"} -index 0' command is executed.
00:12:19 INFO  : Hardware design information is loaded from 'C:/Users/USER/Desktop/VideoSystem1080p/VideoSystem1080p.sdk/VideoSystem1080p_wrapper_hw_platform_0/system.hdf'.
00:12:19 INFO  : 'targets -set -filter {name =~"APU" && jtag_cable_name =~ "Digilent Zed 210248445883"} -index 0' command is executed.
00:12:19 INFO  : 'stop' command is executed.
00:12:20 INFO  : 'ps7_init' command is executed.
00:12:21 INFO  : 'ps7_post_config' command is executed.
00:12:21 INFO  : Context for processor 'ps7_cortexa9_0' is selected.
00:12:21 INFO  : Processor reset is completed for 'ps7_cortexa9_0'.
00:12:21 INFO  : Context for processor 'ps7_cortexa9_0' is selected.
00:13:12 INFO  : The application 'C:/Users/USER/Desktop/VideoSystem1080p/VideoSystem1080p.sdk/VideoSystem1080p/Debug/VideoSystem1080p.elf' is downloaded to processor 'ps7_cortexa9_0'.
00:13:12 INFO  : ----------------XSDB Script----------------
connect -url tcp:127.0.0.1:3121
source C:/Users/USER/Desktop/VideoSystem1080p/VideoSystem1080p.sdk/VideoSystem1080p_wrapper_hw_platform_0/ps7_init.tcl
targets -set -filter {name =~"APU" && jtag_cable_name =~ "Digilent Zed 210248445883"} -index 0
loadhw C:/Users/USER/Desktop/VideoSystem1080p/VideoSystem1080p.sdk/VideoSystem1080p_wrapper_hw_platform_0/system.hdf
targets -set -filter {name =~"APU" && jtag_cable_name =~ "Digilent Zed 210248445883"} -index 0
stop
ps7_init
ps7_post_config
targets -set -nocase -filter {name =~ "ARM*#0" && jtag_cable_name =~ "Digilent Zed 210248445883"} -index 0
rst -processor
targets -set -nocase -filter {name =~ "ARM*#0" && jtag_cable_name =~ "Digilent Zed 210248445883"} -index 0
dow C:/Users/USER/Desktop/VideoSystem1080p/VideoSystem1080p.sdk/VideoSystem1080p/Debug/VideoSystem1080p.elf
----------------End of Script----------------

00:13:12 INFO  : Memory regions updated for context APU
00:13:12 INFO  : Context for processor 'ps7_cortexa9_0' is selected.
00:13:12 INFO  : 'con' command is executed.
00:13:12 INFO  : ----------------XSDB Script (After Launch)----------------
targets -set -nocase -filter {name =~ "ARM*#0" && jtag_cable_name =~ "Digilent Zed 210248445883"} -index 0
con
----------------End of Script----------------

00:15:06 INFO  : Disconnected from the channel tcfchan#5.
00:15:07 INFO  : 'targets -set -filter {jtag_cable_name =~ "Digilent Zed 210248445883" && level==0} -index 1' command is executed.
00:15:07 INFO  : 'fpga -state' command is executed.
00:15:07 INFO  : Connected to target on host '127.0.0.1' and port '3121'.
00:15:07 INFO  : Sourcing of 'C:/Users/USER/Desktop/VideoSystem1080p/VideoSystem1080p.sdk/VideoSystem1080p_wrapper_hw_platform_0/ps7_init.tcl' is done.
00:15:08 INFO  : 'targets -set -filter {name =~"APU" && jtag_cable_name =~ "Digilent Zed 210248445883"} -index 0' command is executed.
00:15:13 INFO  : Hardware design information is loaded from 'C:/Users/USER/Desktop/VideoSystem1080p/VideoSystem1080p.sdk/VideoSystem1080p_wrapper_hw_platform_0/system.hdf'.
00:15:14 INFO  : 'targets -set -filter {name =~"APU" && jtag_cable_name =~ "Digilent Zed 210248445883"} -index 0' command is executed.
00:15:14 INFO  : 'stop' command is executed.
00:15:15 INFO  : 'ps7_init' command is executed.
00:15:15 INFO  : 'ps7_post_config' command is executed.
00:15:15 INFO  : Context for processor 'ps7_cortexa9_0' is selected.
00:15:15 INFO  : Processor reset is completed for 'ps7_cortexa9_0'.
00:15:15 INFO  : Context for processor 'ps7_cortexa9_0' is selected.
00:16:08 INFO  : The application 'C:/Users/USER/Desktop/VideoSystem1080p/VideoSystem1080p.sdk/VideoSystem1080p/Debug/VideoSystem1080p.elf' is downloaded to processor 'ps7_cortexa9_0'.
00:16:08 INFO  : ----------------XSDB Script----------------
connect -url tcp:127.0.0.1:3121
source C:/Users/USER/Desktop/VideoSystem1080p/VideoSystem1080p.sdk/VideoSystem1080p_wrapper_hw_platform_0/ps7_init.tcl
targets -set -filter {name =~"APU" && jtag_cable_name =~ "Digilent Zed 210248445883"} -index 0
loadhw C:/Users/USER/Desktop/VideoSystem1080p/VideoSystem1080p.sdk/VideoSystem1080p_wrapper_hw_platform_0/system.hdf
targets -set -filter {name =~"APU" && jtag_cable_name =~ "Digilent Zed 210248445883"} -index 0
stop
ps7_init
ps7_post_config
targets -set -nocase -filter {name =~ "ARM*#0" && jtag_cable_name =~ "Digilent Zed 210248445883"} -index 0
rst -processor
targets -set -nocase -filter {name =~ "ARM*#0" && jtag_cable_name =~ "Digilent Zed 210248445883"} -index 0
dow C:/Users/USER/Desktop/VideoSystem1080p/VideoSystem1080p.sdk/VideoSystem1080p/Debug/VideoSystem1080p.elf
----------------End of Script----------------

00:16:08 INFO  : Memory regions updated for context APU
00:16:08 INFO  : Context for processor 'ps7_cortexa9_0' is selected.
00:16:08 INFO  : 'con' command is executed.
00:16:08 INFO  : ----------------XSDB Script (After Launch)----------------
targets -set -nocase -filter {name =~ "ARM*#0" && jtag_cable_name =~ "Digilent Zed 210248445883"} -index 0
con
----------------End of Script----------------

05:40:09 WARN  : Unexpected exception occurred.
java.io.IOException: Command [C 390 xsdb eval "disconnect tcfchan#6"] aborted
	at org.eclipse.tcf.core.AbstractChannel$9.run(AbstractChannel.java:753)
	at org.eclipse.tcf.EventQueue.run(EventQueue.java:95)
	at java.lang.Thread.run(Thread.java:745)
Caused by: java.net.SocketException: Connection reset
	at java.net.SocketInputStream.read(SocketInputStream.java:209)
	at java.net.SocketInputStream.read(SocketInputStream.java:141)
	at java.io.BufferedInputStream.read1(BufferedInputStream.java:284)
	at java.io.BufferedInputStream.read(BufferedInputStream.java:345)
	at java.io.FilterInputStream.read(FilterInputStream.java:107)
	at org.eclipse.tcf.core.ChannelTCP.get(ChannelTCP.java:162)
	at org.eclipse.tcf.core.StreamChannel.read(StreamChannel.java:84)
	at org.eclipse.tcf.core.AbstractChannel$1.run(AbstractChannel.java:254)
