Copyright 1986-2016 Xilinx, Inc. All Rights Reserved.
-----------------------------------------------------------------------------------------------------------
| Tool Version      : Vivado v.2016.1 (win64) Build 1538259 Fri Apr  8 15:45:27 MDT 2016
| Date              : Thu Nov 25 03:21:19 2021
| Host              : 21001301Cody running 64-bit major release  (build 9200)
| Command           : report_clock_utilization -file VideoSystem1080p_wrapper_clock_utilization_routed.rpt
| Design            : VideoSystem1080p_wrapper
| Device            : 7z020-clg484
| Speed File        : -1  PRODUCTION 1.11 2014-09-11
| Temperature Grade : C
-----------------------------------------------------------------------------------------------------------

Clock Utilization Report

Table of Contents
-----------------
1. Clock Primitive Utilization
2. Global Clock Resources
3. Global Clock Source Details
4. Local Clock Details
5. Clock Regions: Key Resource Utilization
6. Clock Regions : Global Clock Summary
7. Cell Type Counts per Global Clock: Region X0Y0
8. Cell Type Counts per Global Clock: Region X1Y0
9. Cell Type Counts per Global Clock: Region X0Y1
10. Cell Type Counts per Global Clock: Region X1Y1
11. Cell Type Counts per Global Clock: Region X0Y2
12. Load Cell Placement Summary for Global Clock g0
13. Load Cell Placement Summary for Global Clock g1
14. Load Cell Placement Summary for Global Clock g2

1. Clock Primitive Utilization
------------------------------

+----------+------+-----------+-----+--------------+--------+
| Type     | Used | Available | LOC | Clock Region | Pblock |
+----------+------+-----------+-----+--------------+--------+
| BUFGCTRL |    3 |        32 |   0 |            0 |      0 |
| BUFH     |    0 |        72 |   0 |            0 |      0 |
| BUFIO    |    0 |        16 |   0 |            0 |      0 |
| BUFMR    |    0 |         8 |   0 |            0 |      0 |
| BUFR     |    0 |        16 |   0 |            0 |      0 |
| MMCM     |    1 |         4 |   0 |            0 |      0 |
| PLL      |    0 |         4 |   0 |            0 |      0 |
+----------+------+-----------+-----+--------------+--------+


2. Global Clock Resources
-------------------------

+-------+-------+-----------------+------------+----------------+--------------+------+-------------------+---------------+-------------+-----------------+--------------+---------------------------------------+----------------------------------------------------------------------------------+-----------------------------------------------------------------------------+
| GlbID | SrcId | Driver Type/Pin | Constraint | Site           | Clock Region | Root | Clock Delay Group | Clock Regions | Clock Loads | Non-Clock Loads | Clock Period | Clock                                 | Driver Pin                                                                       | Net                                                                         |
+-------+-------+-----------------+------------+----------------+--------------+------+-------------------+---------------+-------------+-----------------+--------------+---------------------------------------+----------------------------------------------------------------------------------+-----------------------------------------------------------------------------+
| g0    | src0  | BUFG/O          | None       | BUFGCTRL_X0Y1  | n/a          |      |                   |             1 |           1 |               0 |       40.000 | clkfbout_VideoSystem1080p_clk_wiz_0_0 | VideoSystem1080p_i/clk_wiz_0/inst/clkf_buf/O                                     | VideoSystem1080p_i/clk_wiz_0/inst/clkfbout_buf_VideoSystem1080p_clk_wiz_0_0 |
| g1    | src1  | BUFG/O          | None       | BUFGCTRL_X0Y16 | n/a          |      |                   |             1 |           1 |               0 |       10.000 | clk_fpga_0                            | VideoSystem1080p_i/processing_system7_0/inst/buffer_fclk_clk_0.FCLK_CLK_0_BUFG/O | VideoSystem1080p_i/processing_system7_0/inst/FCLK_CLK0                      |
| g2    | src0  | BUFG/O          | None       | BUFGCTRL_X0Y0  | n/a          | n/a  | n/a               |             5 |           0 |           18085 |        6.734 | clk_out1_VideoSystem1080p_clk_wiz_0_0 | VideoSystem1080p_i/clk_wiz_0/inst/clkout1_buf/O                                  | VideoSystem1080p_i/clk_wiz_0/inst/clk_out1                                  |
+-------+-------+-----------------+------------+----------------+--------------+------+-------------------+---------------+-------------+-----------------+--------------+---------------------------------------+----------------------------------------------------------------------------------+-----------------------------------------------------------------------------+
* Note: Multiple constraint types applied to the driver. Please check for potential conflicts.


3. Global Clock Source Details
------------------------------

+-------+--------+---------------------+------------+-----------------+--------------+-------------+-----------------+---------------------+---------------------------------------+---------------------------------------------------------------+-------------------------------------------------------------------------+
| SrcID | GlbIDs | Driver Type/Pin     | Constraint | Site            | Clock Region | Clock Loads | Non-Clock Loads | Source Clock Period | Source Clock                          | Driver Pin                                                    | Net                                                                     |
+-------+--------+---------------------+------------+-----------------+--------------+-------------+-----------------+---------------------+---------------------------------------+---------------------------------------------------------------+-------------------------------------------------------------------------+
| src0  | g2     | MMCME2_ADV/CLKOUT0  | None       | MMCME2_ADV_X1Y0 | X1Y0         |           1 |               0 |               6.734 | clk_out1_VideoSystem1080p_clk_wiz_0_0 | VideoSystem1080p_i/clk_wiz_0/inst/mmcm_adv_inst/CLKOUT0       | VideoSystem1080p_i/clk_wiz_0/inst/clk_out1_VideoSystem1080p_clk_wiz_0_0 |
| src0  | g0     | MMCME2_ADV/CLKFBOUT | None       | MMCME2_ADV_X1Y0 | X1Y0         |           1 |               0 |              40.000 | clkfbout_VideoSystem1080p_clk_wiz_0_0 | VideoSystem1080p_i/clk_wiz_0/inst/mmcm_adv_inst/CLKFBOUT      | VideoSystem1080p_i/clk_wiz_0/inst/clkfbout_VideoSystem1080p_clk_wiz_0_0 |
| src1  | g1     | PS7/FCLKCLK[0]      | PS7_X0Y0   | PS7_X0Y0        | X0Y2         |           1 |               0 |              10.000 | clk_fpga_0                            | VideoSystem1080p_i/processing_system7_0/inst/PS7_i/FCLKCLK[0] | VideoSystem1080p_i/processing_system7_0/inst/FCLK_CLK_unbuffered[0]     |
+-------+--------+---------------------+------------+-----------------+--------------+-------------+-----------------+---------------------+---------------------------------------+---------------------------------------------------------------+-------------------------------------------------------------------------+


4. Local Clock Details
----------------------

+-------+-----------------+------------+----------+--------------+-------------+-----------------+--------------+-------+------------+-----+
| LocId | Driver Type/Pin | Constraint | Site/BEL | Clock Region | Clock Loads | Non-Clock Loads | Clock Period | Clock | Driver Pin | Net |
+-------+-----------------+------------+----------+--------------+-------------+-----------------+--------------+-------+------------+-----+


5. Clock Regions: Key Resource Utilization
------------------------------------------

+-------------------+--------------+--------------+--------------+--------------+--------------+--------------+--------------+--------------+--------------+--------------+--------------+--------------+--------------+--------------+--------------+
|                   | Global Clock |     BUFRs    |    BUFMRs    |    BUFIOs    |     MMCM     |      PLL     |      GT      |      PCI     |    ILOGIC    |    OLOGIC    |      FF      |     LUTM     |    RAMB18    |    RAMB36    |    DSP48E2   |
+-------------------+------+-------+------+-------+------+-------+------+-------+------+-------+------+-------+------+-------+------+-------+------+-------+------+-------+------+-------+------+-------+------+-------+------+-------+------+-------+
| Clock Region Name | Used | Avail | Used | Avail | Used | Avail | Used | Avail | Used | Avail | Used | Avail | Used | Avail | Used | Avail | Used | Avail | Used | Avail | Used | Avail | Used | Avail | Used | Avail | Used | Avail | Used | Avail |
+-------------------+------+-------+------+-------+------+-------+------+-------+------+-------+------+-------+------+-------+------+-------+------+-------+------+-------+------+-------+------+-------+------+-------+------+-------+------+-------+
| X0Y0              |    1 |    12 |    0 |     4 |    0 |     2 |    0 |     4 |    0 |     1 |    0 |     1 |    0 |     0 |    0 |     0 |    0 |    50 |    0 |    50 | 6154 | 20000 | 2728 |  4000 |    0 |     0 |    0 |    30 |    0 |    60 |
| X1Y0              |    3 |    12 |    0 |     4 |    0 |     2 |    0 |     4 |    2 |     1 |    0 |     1 |    0 |     0 |    0 |     0 |    0 |    50 |    0 |    50 | 5101 | 25600 | 1797 |  3400 |    0 |     0 |    8 |    30 |    0 |    40 |
| X0Y1              |    1 |    12 |    0 |     0 |    0 |     0 |    0 |     0 |    0 |     0 |    0 |     0 |    0 |     0 |    0 |     0 |    0 |     0 |    0 |     0 | 3669 |  9600 | 1323 |  1600 |    0 |     0 |    0 |    10 |    0 |    20 |
| X1Y1              |    1 |    12 |    0 |     4 |    0 |     2 |    0 |     4 |    0 |     1 |    0 |     1 |    0 |     0 |    0 |     0 |    0 |    50 |    0 |    50 | 3062 | 20800 | 1138 |  3400 |    0 |     0 |    6 |    30 |    0 |    40 |
| X0Y2              |    1 |    12 |    0 |     0 |    0 |     0 |    0 |     0 |    0 |     0 |    0 |     0 |    0 |     0 |    0 |     0 |    0 |     0 |    0 |     0 |   75 |  9600 |   33 |  1600 |    0 |     0 |    0 |    10 |    0 |    20 |
| X1Y2              |    0 |    12 |    0 |     4 |    0 |     2 |    0 |     4 |    0 |     1 |    0 |     1 |    0 |     0 |    0 |     0 |    0 |    50 |    0 |    50 |    0 | 20800 |    0 |  3400 |    0 |     0 |    0 |    30 |    0 |    40 |
+-------------------+------+-------+------+-------+------+-------+------+-------+------+-------+------+-------+------+-------+------+-------+------+-------+------+-------+------+-------+------+-------+------+-------+------+-------+------+-------+
* Used Global Clocks includes only global clock resources based on load placement but does not consider global clock resources used to traverse a clock region. Therefore the actual total of Used Global Clocks may be higher.
** RAMB36 site can be used as two RAMB18/FIFO18 sites.


6. Clock Regions : Global Clock Summary
---------------------------------------

+----+----+----+
|    | X0 | X1 |
+----+----+----+
| Y2 |  1 |  0 |
| Y1 |  1 |  1 |
| Y0 |  1 |  3 |
+----+----+----+
* Used Global Clocks includes only global clock resources based on load placement but does not consider global clock resources used to traverse a clock region. Therefore the actual total of Used Global Clocks may be higher.


7. Cell Type Counts per Global Clock: Region X0Y0
-------------------------------------------------

+-------+-------+-----------------+------------+-------------+-----------------+------+--------+------+-----+----+------+-----+---------+--------------------------------------------+
| GlbID | Track | Driver Type/Pin | Constraint | Clock Loads | Non-Clock Loads | FF   | LUTRAM | RAMB | DSP | GT | MMCM | PLL | Hard IP | Net                                        |
+-------+-------+-----------------+------------+-------------+-----------------+------+--------+------+-----+----+------+-----+---------+--------------------------------------------+
| g2    | n/a   | BUFG/O          | None       |           0 |            6154 | 6154 |   2728 |    0 |   0 |  0 |    0 |   0 |       0 | VideoSystem1080p_i/clk_wiz_0/inst/clk_out1 |
+-------+-------+-----------------+------------+-------------+-----------------+------+--------+------+-----+----+------+-----+---------+--------------------------------------------+


8. Cell Type Counts per Global Clock: Region X1Y0
-------------------------------------------------

+-------+-------+-----------------+------------+-------------+-----------------+------+--------+------+-----+----+------+-----+---------+-----------------------------------------------------------------------------+
| GlbID | Track | Driver Type/Pin | Constraint | Clock Loads | Non-Clock Loads | FF   | LUTRAM | RAMB | DSP | GT | MMCM | PLL | Hard IP | Net                                                                         |
+-------+-------+-----------------+------------+-------------+-----------------+------+--------+------+-----+----+------+-----+---------+-----------------------------------------------------------------------------+
| g0    | n/a   | BUFG/O          | None       |           1 |               0 |    0 |      0 |    0 |   0 |  0 |    1 |   0 |       0 | VideoSystem1080p_i/clk_wiz_0/inst/clkfbout_buf_VideoSystem1080p_clk_wiz_0_0 |
| g1    | n/a   | BUFG/O          | None       |           1 |               0 |    0 |      0 |    0 |   0 |  0 |    1 |   0 |       0 | VideoSystem1080p_i/processing_system7_0/inst/FCLK_CLK0                      |
| g2    | n/a   | BUFG/O          | None       |           0 |            5107 | 5101 |   1797 |   10 |   0 |  0 |    0 |   0 |       0 | VideoSystem1080p_i/clk_wiz_0/inst/clk_out1                                  |
+-------+-------+-----------------+------------+-------------+-----------------+------+--------+------+-----+----+------+-----+---------+-----------------------------------------------------------------------------+


9. Cell Type Counts per Global Clock: Region X0Y1
-------------------------------------------------

+-------+-------+-----------------+------------+-------------+-----------------+------+--------+------+-----+----+------+-----+---------+--------------------------------------------+
| GlbID | Track | Driver Type/Pin | Constraint | Clock Loads | Non-Clock Loads | FF   | LUTRAM | RAMB | DSP | GT | MMCM | PLL | Hard IP | Net                                        |
+-------+-------+-----------------+------------+-------------+-----------------+------+--------+------+-----+----+------+-----+---------+--------------------------------------------+
| g2    | n/a   | BUFG/O          | None       |           0 |            3669 | 3669 |   1323 |    0 |   0 |  0 |    0 |   0 |       0 | VideoSystem1080p_i/clk_wiz_0/inst/clk_out1 |
+-------+-------+-----------------+------------+-------------+-----------------+------+--------+------+-----+----+------+-----+---------+--------------------------------------------+


10. Cell Type Counts per Global Clock: Region X1Y1
--------------------------------------------------

+-------+-------+-----------------+------------+-------------+-----------------+------+--------+------+-----+----+------+-----+---------+--------------------------------------------+
| GlbID | Track | Driver Type/Pin | Constraint | Clock Loads | Non-Clock Loads | FF   | LUTRAM | RAMB | DSP | GT | MMCM | PLL | Hard IP | Net                                        |
+-------+-------+-----------------+------------+-------------+-----------------+------+--------+------+-----+----+------+-----+---------+--------------------------------------------+
| g2    | n/a   | BUFG/O          | None       |           0 |            3067 | 3062 |   1138 |    6 |   0 |  0 |    0 |   0 |       0 | VideoSystem1080p_i/clk_wiz_0/inst/clk_out1 |
+-------+-------+-----------------+------------+-------------+-----------------+------+--------+------+-----+----+------+-----+---------+--------------------------------------------+


11. Cell Type Counts per Global Clock: Region X0Y2
--------------------------------------------------

+-------+-------+-----------------+------------+-------------+-----------------+----+--------+------+-----+----+------+-----+---------+--------------------------------------------+
| GlbID | Track | Driver Type/Pin | Constraint | Clock Loads | Non-Clock Loads | FF | LUTRAM | RAMB | DSP | GT | MMCM | PLL | Hard IP | Net                                        |
+-------+-------+-----------------+------------+-------------+-----------------+----+--------+------+-----+----+------+-----+---------+--------------------------------------------+
| g2    | n/a   | BUFG/O          | None       |           0 |              76 | 75 |     33 |    0 |   0 |  0 |    0 |   0 |       0 | VideoSystem1080p_i/clk_wiz_0/inst/clk_out1 |
+-------+-------+-----------------+------------+-------------+-----------------+----+--------+------+-----+----+------+-----+---------+--------------------------------------------+


12. Load Cell Placement Summary for Global Clock g0
---------------------------------------------------

+-------+-----------------+-------------------+---------------------------------------+-------------+----------------+----------+-------------+----------+-------------+----+-----------------------------------------------------------------------------+
| GlbID | Driver Type/Pin | Driver Region (D) | Clock                                 | Period (ns) | Waveform (ns)  | Root (R) | Slice Loads | IO Loads | Clock Loads | GT | Net                                                                         |
+-------+-----------------+-------------------+---------------------------------------+-------------+----------------+----------+-------------+----------+-------------+----+-----------------------------------------------------------------------------+
| g0    | BUFG/O          | n/a               | clkfbout_VideoSystem1080p_clk_wiz_0_0 |      40.000 | {0.000 20.000} |          |           0 |        0 |           1 |  0 | VideoSystem1080p_i/clk_wiz_0/inst/clkfbout_buf_VideoSystem1080p_clk_wiz_0_0 |
+-------+-----------------+-------------------+---------------------------------------+-------------+----------------+----------+-------------+----------+-------------+----+-----------------------------------------------------------------------------+


+----+----+----+
|    | X0 | X1 |
+----+----+----+
| Y2 |  0 |  0 |
| Y1 |  0 |  0 |
| Y0 |  0 |  1 |
+----+----+----+


13. Load Cell Placement Summary for Global Clock g1
---------------------------------------------------

+-------+-----------------+-------------------+------------+-------------+---------------+----------+-------------+----------+-------------+----+--------------------------------------------------------+
| GlbID | Driver Type/Pin | Driver Region (D) | Clock      | Period (ns) | Waveform (ns) | Root (R) | Slice Loads | IO Loads | Clock Loads | GT | Net                                                    |
+-------+-----------------+-------------------+------------+-------------+---------------+----------+-------------+----------+-------------+----+--------------------------------------------------------+
| g1    | BUFG/O          | n/a               | clk_fpga_0 |      10.000 | {0.000 5.000} |          |           0 |        0 |           1 |  0 | VideoSystem1080p_i/processing_system7_0/inst/FCLK_CLK0 |
+-------+-----------------+-------------------+------------+-------------+---------------+----------+-------------+----------+-------------+----+--------------------------------------------------------+


+----+----+----+
|    | X0 | X1 |
+----+----+----+
| Y2 |  0 |  0 |
| Y1 |  0 |  0 |
| Y0 |  0 |  1 |
+----+----+----+


14. Load Cell Placement Summary for Global Clock g2
---------------------------------------------------

+-------+-----------------+-------------------+---------------------------------------+-------------+---------------+----------+-------------+----------+-------------+----+--------------------------------------------+
| GlbID | Driver Type/Pin | Driver Region (D) | Clock                                 | Period (ns) | Waveform (ns) | Root (R) | Slice Loads | IO Loads | Clock Loads | GT | Net                                        |
+-------+-----------------+-------------------+---------------------------------------+-------------+---------------+----------+-------------+----------+-------------+----+--------------------------------------------+
| g2    | BUFG/O          | n/a               | clk_out1_VideoSystem1080p_clk_wiz_0_0 |       6.734 | {0.000 3.367} |          |       18073 |        0 |           0 |  0 | VideoSystem1080p_i/clk_wiz_0/inst/clk_out1 |
+-------+-----------------+-------------------+---------------------------------------+-------------+---------------+----------+-------------+----------+-------------+----+--------------------------------------------+


+----+-------+-------+
|    | X0    | X1    |
+----+-------+-------+
| Y2 |    76 |     0 |
| Y1 |  3669 |  3067 |
| Y0 |  6154 |  5107 |
+----+-------+-------+



# Location of BUFG Primitives 
set_property LOC BUFGCTRL_X0Y16 [get_cells VideoSystem1080p_i/processing_system7_0/inst/buffer_fclk_clk_0.FCLK_CLK_0_BUFG]
set_property LOC BUFGCTRL_X0Y1 [get_cells VideoSystem1080p_i/clk_wiz_0/inst/clkf_buf]
set_property LOC BUFGCTRL_X0Y0 [get_cells VideoSystem1080p_i/clk_wiz_0/inst/clkout1_buf]

# Location of IO Primitives which is load of clock spine

# Location of clock ports

# Clock net "VideoSystem1080p_i/clk_wiz_0/inst/clk_out1" driven by instance "VideoSystem1080p_i/clk_wiz_0/inst/clkout1_buf" located at site "BUFGCTRL_X0Y0"
#startgroup
create_pblock {CLKAG_VideoSystem1080p_i/clk_wiz_0/inst/clk_out1}
add_cells_to_pblock [get_pblocks  {CLKAG_VideoSystem1080p_i/clk_wiz_0/inst/clk_out1}] [get_cells -filter { PRIMITIVE_GROUP != I/O && IS_PRIMITIVE==1 && PRIMITIVE_LEVEL !=INTERNAL } -of_object [get_pins -filter {DIRECTION==IN} -of_objects [get_nets -hierarchical -filter {PARENT=="VideoSystem1080p_i/clk_wiz_0/inst/clk_out1"}]]]
resize_pblock [get_pblocks {CLKAG_VideoSystem1080p_i/clk_wiz_0/inst/clk_out1}] -add {CLOCKREGION_X0Y0:CLOCKREGION_X0Y0 CLOCKREGION_X0Y1:CLOCKREGION_X0Y1 CLOCKREGION_X0Y2:CLOCKREGION_X0Y2 CLOCKREGION_X1Y0:CLOCKREGION_X1Y0 CLOCKREGION_X1Y1:CLOCKREGION_X1Y1}
#endgroup
